text2wfreq : Reading text from standard input...
wfreq2vocab : Will generate a vocabulary containing the most
              frequent 20000 words. Reading wfreq stream from stdin...
text2wfreq : Done.
wfreq2vocab : Done.

===========================================================================================

text2idngram
Vocab                  : /home/vlad/Проекты/Voice_ChatBot/temp/prepared_questions_plays_ru_vocab.txt
Output idngram         : /home/vlad/Проекты/Voice_ChatBot/temp/prepared_questions_plays_ru.idngram
N-gram buffer size     : 100
Hash table size        : 2000000
Temp directory         : cmuclmtk-MDrC8T
Max open files         : 20
FOF size               : 10
n                      : 3
Initialising hash table...
Reading vocabulary... 
Allocating memory for the n-gram buffer...
Reading text into the n-gram buffer...
20,000 n-grams processed for each ".", 1,000,000 for each line.

Sorting n-grams...
Writing sorted n-grams to temporary file cmuclmtk-MDrC8T/1
Merging 1 temporary files...

2-grams occurring:	N times		> N times	Sug. -spec_num value
      0						   7895		   7983
      1				   6726		   1169		   1190
      2				    682		    487		    501
      3				    183		    304		    317
      4				    105		    199		    210
      5				     50		    149		    160
      6				     39		    110		    121
      7				     21		     89		     99
      8				     19		     70		     80
      9				     11		     59		     69
     10				      5		     54		     64

3-grams occurring:	N times		> N times	Sug. -spec_num value
      0						  10618		  10734
      1				   9819		    799		    816
      2				    498		    301		    314
      3				    125		    176		    187
      4				     65		    111		    122
      5				     31		     80		     90
      6				     18		     62		     72
      7				     11		     51		     61
      8				      9		     42		     52
      9				      8		     34		     44
     10				      0		     34		     44
text2idngram : Done.

===========================================================================================

..
  n : 3
  Input file : /home/vlad/Проекты/Voice_ChatBot/temp/prepared_questions_plays_ru.idngram     (binary format)
  Output files :
     ARPA format   : /home/vlad/Проекты/Voice_ChatBot/temp/prepared_questions_plays_ru.lm
  Vocabulary file : /home/vlad/Проекты/Voice_ChatBot/temp/prepared_questions_plays_ru_vocab.txt
  Cutoffs :
     2-gram : 0     3-gram : 0     
  Vocabulary type : Closed
  Minimum unigram count : 0
  Zeroton fraction : 1
  Counts will be stored in two bytes.
  Count table size : 65535
  Discounting method : Good-Turing
     Discounting ranges :
        1-gram : 1     2-gram : 7     3-gram : 7     
  Memory allocation for tree structure : 
     Allocate 100 MB of memory, shared equally between all n-gram tables.
  Back-off weight storage : 
     Back-off weights will be stored in four bytes.
Reading vocabulary.
read_wlist_into_siht: a list of 2763 words was read from "/home/vlad/Проекты/Voice_ChatBot/temp/prepared_questions_plays_ru_vocab.txt".
read_wlist_into_array: a list of 2763 words was read from "/home/vlad/Проекты/Voice_ChatBot/temp/prepared_questions_plays_ru_vocab.txt".
WARNING: <s> appears as a vocabulary item, but is not labelled as a
context cue.
Allocated space for 3571428 2-grams.
Allocated space for 8333333 3-grams.
table_size 2764
Allocated 57142848 bytes to table for 2-grams.
Allocated (2+33333332) bytes to table for 3-grams.
Processing id n-gram file.
20,000 n-grams processed for each ".", 1,000,000 for each line.

Calculating discounted counts.
Warning : 1-gram : Discounting range is 1; setting P(zeroton)=P(singleton).
Discounted value : 1.00
Warning : 2-gram : Some discount values are out of range;
lowering discounting range to 6.
Unigrams's discount mass is 7.67023e-05 (n1/N = 0.144655)
1 zerotons, P(zeroton) = 7.67023e-05 P(singleton) = 7.66994e-05
P(zeroton) was reduced to 0.0000766994 (1.000 of P(singleton))
prob[UNK] = 1e-99
Incrementing contexts...
Calculating back-off weights...
Writing out language model...
ARPA-style 3-gram will be written to /home/vlad/Проекты/Voice_ChatBot/temp/prepared_questions_plays_ru.lm
idngram2lm : Done.
